
08.01.2018 02:23:21 *** APX Application Modules Install | Build: 1.0.0_0085.1801080223 | Commit: [master 523e6e1] ***

08.01.2018 02:23:24     Dropping: "APX Objects"

Dropping DB Model (Tables)

APX$MAIL
APX$ATTACHEMENT
APX$CONTENT
APX$AUTHOR
APX$SOURCE
APX$USR_SESSION
APX$APP
APX$MIME
APX$CFG
APX$OPT
APX$PRC
APX$STATUS
APX$CTX
APX$

Dropping Interfaces required

APX$SEND_MAIL

APX$MAIL_ADRESS_CHECK

APX$SMTP_MAIL_STATUS

APX$EMAIL_BODY_HTML_SUBJET

APX$PARSE_NAME_FROM_EMAIL

APX$URL

APX$KEY
APX_ENCRYPT
APX_DECRYPT
APX_GET_VERSION
APX_CONFIG_VIEWS
APX_SEC_CODE_VIEWS
APEX_OBJECTS
APEX_CONTEXT
APEX_CONFIG
APEX_STATUS
APEX_ALL_APPLICATIONS
APX_GET_TOKEN

REGISTER_LOGIN

Dropping Packages

APX


Table "APX$" created.

Elapsed: 00:00:00.036

Index "APX$_UNQ1" created.

Elapsed: 00:00:00.013

Index "APX$_UNQ2" created.

Elapsed: 00:00:00.011

Sequence "APX$_ID_SEQ" created.

Elapsed: 00:00:00.007
Elapsed: 00:00:00.024

Synonym "APEX_APX" created.

Elapsed: 00:00:00.010

View "APEX_OBJECTS" created.

Elapsed: 00:00:00.019

1 row inserted.

Elapsed: 00:00:00.016

1 row inserted.

Elapsed: 00:00:00.007

1 row inserted.

Elapsed: 00:00:00.006

1 row inserted.

Elapsed: 00:00:00.011

1 row inserted.

Elapsed: 00:00:00.005

1 row inserted.

Elapsed: 00:00:00.008

1 row inserted.

Elapsed: 00:00:00.004

1 row inserted.

Elapsed: 00:00:00.009

1 row inserted.

Elapsed: 00:00:00.005

1 row inserted.

Elapsed: 00:00:00.010

1 row inserted.

Elapsed: 00:00:00.005

1 row inserted.

Elapsed: 00:00:00.016

1 row inserted.

Elapsed: 00:00:00.007

1 row inserted.

Elapsed: 00:00:00.007

1 row inserted.

Elapsed: 00:00:00.004

1 row inserted.

Elapsed: 00:00:00.004

1 row inserted.

Elapsed: 00:00:00.008

1 row inserted.

Elapsed: 00:00:00.006

1 row inserted.

Elapsed: 00:00:00.005

1 row inserted.

Elapsed: 00:00:00.004

1 row inserted.

Elapsed: 00:00:00.007

1 row inserted.

Elapsed: 00:00:00.005

1 row inserted.

Elapsed: 00:00:00.005

1 row inserted.

Elapsed: 00:00:00.006

1 row inserted.

Elapsed: 00:00:00.006

1 row inserted.

Elapsed: 00:00:00.005

1 row inserted.

Elapsed: 00:00:00.005

1 row inserted.

Elapsed: 00:00:00.020

1 row inserted.

Elapsed: 00:00:00.006

1 row inserted.

Elapsed: 00:00:00.008

1 row inserted.

Elapsed: 00:00:00.004

1 row inserted.

Elapsed: 00:00:00.008

1 row inserted.

Elapsed: 00:00:00.005

1 row inserted.

Elapsed: 00:00:00.006

1 row inserted.

Elapsed: 00:00:00.008

1 row inserted.

Elapsed: 00:00:00.004

1 row inserted.

Elapsed: 00:00:00.012

1 row inserted.

Elapsed: 00:00:00.011

1 row inserted.

Elapsed: 00:00:00.007

1 row inserted.

Elapsed: 00:00:00.020

1 row inserted.

Elapsed: 00:00:00.006

1 row inserted.

Elapsed: 00:00:00.005

1 row inserted.

Elapsed: 00:00:00.005

1 row inserted.

Elapsed: 00:00:00.005

1 row inserted.

Elapsed: 00:00:00.013

1 row inserted.

Elapsed: 00:00:00.006

1 row inserted.

Elapsed: 00:00:00.009

1 row inserted.

Elapsed: 00:00:00.004

1 row inserted.

Elapsed: 00:00:00.009

1 row inserted.

Elapsed: 00:00:00.012

1 row inserted.

Elapsed: 00:00:00.006

1 row inserted.

Elapsed: 00:00:00.028

1 row inserted.

Elapsed: 00:00:00.012

1 row inserted.

Elapsed: 00:00:00.010

1 row inserted.

Elapsed: 00:00:00.007

1 row inserted.

Elapsed: 00:00:00.005

1 row inserted.

Elapsed: 00:00:00.006

1 row inserted.

Elapsed: 00:00:00.005

1 row inserted.

Elapsed: 00:00:00.007

1 row inserted.

Elapsed: 00:00:00.012

1 row inserted.

Elapsed: 00:00:00.029

1 row inserted.

Elapsed: 00:00:00.014

1 row inserted.

Elapsed: 00:00:00.019

1 row inserted.

Elapsed: 00:00:00.006

1 row inserted.

Elapsed: 00:00:00.008

1 row inserted.

Elapsed: 00:00:00.006

1 row inserted.

Elapsed: 00:00:00.005

1 row inserted.

Elapsed: 00:00:00.006

1 row inserted.

Elapsed: 00:00:00.008

1 row inserted.

Elapsed: 00:00:00.006

1 row inserted.

Elapsed: 00:00:00.005

1 row inserted.

Elapsed: 00:00:00.016

1 row inserted.

Elapsed: 00:00:00.006

1 row inserted.

Elapsed: 00:00:00.007

1 row inserted.

Elapsed: 00:00:00.005

1 row inserted.

Elapsed: 00:00:00.011

1 row inserted.

Elapsed: 00:00:00.009

1 row inserted.

Elapsed: 00:00:00.008

1 row inserted.

Elapsed: 00:00:00.009

1 row inserted.

Elapsed: 00:00:00.007

1 row inserted.

Elapsed: 00:00:00.037

1 row inserted.

Elapsed: 00:00:00.007

1 row inserted.

Elapsed: 00:00:00.005

1 row inserted.

Elapsed: 00:00:00.004

1 row inserted.

Elapsed: 00:00:00.009

1 row inserted.

Elapsed: 00:00:00.010

1 row inserted.

Elapsed: 00:00:00.004

1 row inserted.

Elapsed: 00:00:00.004

1 row inserted.

Elapsed: 00:00:00.005

1 row inserted.

Elapsed: 00:00:00.006

1 row inserted.

Elapsed: 00:00:00.006

1 row inserted.

Elapsed: 00:00:00.006

1 row inserted.

Elapsed: 00:00:00.007

1 row inserted.

Elapsed: 00:00:00.008

1 row inserted.

Elapsed: 00:00:00.010

1 row inserted.

Elapsed: 00:00:00.010

1 row inserted.

Elapsed: 00:00:00.004

1 row inserted.

Elapsed: 00:00:00.010

1 row inserted.

Elapsed: 00:00:00.005

1 row inserted.

Elapsed: 00:00:00.008

1 row inserted.

Elapsed: 00:00:00.006

1 row inserted.

Elapsed: 00:00:00.005

1 row inserted.

Elapsed: 00:00:00.009

1 row inserted.

Elapsed: 00:00:00.006

1 row inserted.

Elapsed: 00:00:00.010

1 row inserted.

Elapsed: 00:00:00.012

1 row inserted.

Elapsed: 00:00:00.006

1 row inserted.

Elapsed: 00:00:00.020

1 row inserted.

Elapsed: 00:00:00.006

1 row inserted.

Elapsed: 00:00:00.008

1 row inserted.

Elapsed: 00:00:00.005

1 row inserted.

Elapsed: 00:00:00.015

1 row inserted.

Elapsed: 00:00:00.005

1 row inserted.

Elapsed: 00:00:00.007

1 row inserted.

Elapsed: 00:00:00.005

1 row inserted.

Elapsed: 00:00:00.013

1 row inserted.

Elapsed: 00:00:00.010

1 row inserted.

Elapsed: 00:00:00.006

1 row inserted.

Elapsed: 00:00:00.022

1 row inserted.

Elapsed: 00:00:00.008

1 row inserted.

Elapsed: 00:00:00.006

1 row inserted.

Elapsed: 00:00:00.004

1 row inserted.

Elapsed: 00:00:00.009

1 row inserted.

Elapsed: 00:00:00.005

1 row inserted.

Elapsed: 00:00:00.005

1 row inserted.

Elapsed: 00:00:00.007

1 row inserted.

Elapsed: 00:00:00.009

1 row inserted.

Elapsed: 00:00:00.007

1 row inserted.

Elapsed: 00:00:00.011

Commit complete.

Elapsed: 00:00:00.017

View "APEX_ALL_APPLICATIONS" created.

Elapsed: 00:00:00.022

View "APEX_USER_APPLICATIONS" created.

Elapsed: 00:00:00.018

View "APEX_INTERNAL_APPLICATIONS" created.

Elapsed: 00:00:00.018

View "APEX_WORKSPACE_APPLICATIONS" created.

Elapsed: 00:00:00.026

View "APEX_MY_APPLICATION" created.

Elapsed: 00:00:00.026

View "APEX_WORKSPACE" created.

Elapsed: 00:00:00.015

View "APEX_WORKSPACE_USERS" created.

Elapsed: 00:00:00.022

Table "APX$CTX" created.

Elapsed: 00:00:00.030

Index "APX$CTX_UNQ1" created.

Elapsed: 00:00:00.025

Index "APX$CTX_UNQ2" created.

Elapsed: 00:00:00.011

Index "APX$CTX_CONTEXT_IDX" created.

Elapsed: 00:00:00.008

Index "APX$CTX_TYPE_FK" created.

Elapsed: 00:00:00.009

Index "APX$CTX_SUBTYPE_FK" created.

Elapsed: 00:00:00.010

Index "APX$CTX_SUBCONTEXT_FK" created.

Elapsed: 00:00:00.013

Sequence "APX$CTX_ID_SEQ" created.

Elapsed: 00:00:00.009
Elapsed: 00:00:00.016

Synonym "APEX_SYS_CONTEXT" created.

Elapsed: 00:00:00.024

View "APEX_CONTEXT" created.

Elapsed: 00:00:00.013

View "APEX_CONFIG_CONTEXT" created.

Elapsed: 00:00:00.011

1 row inserted.

Elapsed: 00:00:00.019

1 row inserted.

Elapsed: 00:00:00.006

1 row inserted.

Elapsed: 00:00:00.006

1 row inserted.

Elapsed: 00:00:00.005

1 row inserted.

Elapsed: 00:00:00.009

1 row inserted.

Elapsed: 00:00:00.006

1 row inserted.

Elapsed: 00:00:00.017

1 row inserted.

Elapsed: 00:00:00.006

1 row inserted.

Elapsed: 00:00:00.006

1 row inserted.

Elapsed: 00:00:00.005

1 row inserted.

Elapsed: 00:00:00.005

1 row inserted.

Elapsed: 00:00:00.007

1 row inserted.

Elapsed: 00:00:00.006

1 row inserted.

Elapsed: 00:00:00.006

1 row inserted.

Elapsed: 00:00:00.009

1 row inserted.

Elapsed: 00:00:00.004

1 row inserted.

Elapsed: 00:00:00.009

1 row inserted.

Elapsed: 00:00:00.005

1 row inserted.

Elapsed: 00:00:00.008

1 row inserted.

Elapsed: 00:00:00.006

1 row inserted.

Elapsed: 00:00:00.017

1 row inserted.

Elapsed: 00:00:00.008

1 row inserted.

Elapsed: 00:00:00.005

1 row inserted.

Elapsed: 00:00:00.005

1 row inserted.

Elapsed: 00:00:00.007

1 row inserted.

Elapsed: 00:00:00.010

1 row inserted.

Elapsed: 00:00:00.005

1 row inserted.

Elapsed: 00:00:00.007

1 row inserted.

Elapsed: 00:00:00.004

1 row inserted.

Elapsed: 00:00:00.008

1 row inserted.

Elapsed: 00:00:00.005

1 row inserted.

Elapsed: 00:00:00.010

1 row inserted.

Elapsed: 00:00:00.007

1 row inserted.

Elapsed: 00:00:00.022

1 row inserted.

Elapsed: 00:00:00.007

1 row inserted.

Elapsed: 00:00:00.005

1 row inserted.

Elapsed: 00:00:00.008

1 row inserted.

Elapsed: 00:00:00.014

1 row inserted.

Elapsed: 00:00:00.005

1 row inserted.

Elapsed: 00:00:00.006

Commit complete.

Elapsed: 00:00:00.017

40 rows updated.

Elapsed: 00:00:00.010

Commit complete.

Elapsed: 00:00:00.028

Table "APX$STATUS" created.

Elapsed: 00:00:00.021

Index "APX$STATUS_UNQ1" created.

Elapsed: 00:00:00.011

Index "APX$STATUS_UNQ2" created.

Elapsed: 00:00:00.027

Index "APX$STATUS_CODE_IDX" created.

Elapsed: 00:00:00.012

Index "APX$STATUS_CTX_IDX" created.

Elapsed: 00:00:00.007

Sequence "APX$STATUS_ID_SEQ" created.

Elapsed: 00:00:00.014
Elapsed: 00:00:00.021

Synonym "APEX_SYS_STATUS" created.

Elapsed: 00:00:00.010

View "APEX_STATUS" created.

Elapsed: 00:00:00.013

View "APEX_ACCOUNT_STATUS" created.

Elapsed: 00:00:00.026

View "APEX_APPLICATION_STATUS" created.

Elapsed: 00:00:00.017

1 row inserted.

Elapsed: 00:00:00.019

1 row inserted.

Elapsed: 00:00:00.008

1 row inserted.

Elapsed: 00:00:00.008

1 row inserted.

Elapsed: 00:00:00.013

1 row inserted.

Elapsed: 00:00:00.008

1 row inserted.

Elapsed: 00:00:00.009

1 row inserted.

Elapsed: 00:00:00.007

1 row inserted.

Elapsed: 00:00:00.008

1 row inserted.

Elapsed: 00:00:00.008

1 row inserted.

Elapsed: 00:00:00.011

1 row inserted.

Elapsed: 00:00:00.036

1 row inserted.

Elapsed: 00:00:00.010

1 row inserted.

Elapsed: 00:00:00.012

1 row inserted.

Elapsed: 00:00:00.007

1 row inserted.

Elapsed: 00:00:00.007

1 row inserted.

Elapsed: 00:00:00.008

1 row inserted.

Elapsed: 00:00:00.013

1 row inserted.

Elapsed: 00:00:00.007

1 row inserted.

Elapsed: 00:00:00.021

Commit complete.

Elapsed: 00:00:00.022

View "APEX_CONFIG_STATUS" created.

Elapsed: 00:00:00.009

View "APEX_CONFIG_STATUS" created.

Elapsed: 00:00:00.017

Table "APX$PRC" created.

Elapsed: 00:00:00.064

Index "APX$PRC_UNQ1" created.

Elapsed: 00:00:00.035

Index "APX$PRC_UNQ2" created.

Elapsed: 00:00:00.022

Sequence "APX$PRC_ID_SEQ" created.

Elapsed: 00:00:00.009
Elapsed: 00:00:00.017

Synonym "APEX_PROCESS" created.

Elapsed: 00:00:00.006

1 row inserted.

Elapsed: 00:00:00.014

1 row inserted.

Elapsed: 00:00:00.009

1 row inserted.

Elapsed: 00:00:00.007

1 row inserted.

Elapsed: 00:00:00.006

1 row inserted.

Elapsed: 00:00:00.007

1 row inserted.

Elapsed: 00:00:00.006

1 row inserted.

Elapsed: 00:00:00.005

1 row inserted.

Elapsed: 00:00:00.011

1 row inserted.

Elapsed: 00:00:00.006

1 row inserted.

Elapsed: 00:00:00.019

1 row inserted.

Elapsed: 00:00:00.007

1 row inserted.

Elapsed: 00:00:00.005

1 row inserted.

Elapsed: 00:00:00.005

1 row inserted.

Elapsed: 00:00:00.006

1 row inserted.

Elapsed: 00:00:00.005

1 row inserted.

Elapsed: 00:00:00.020

1 row inserted.

Elapsed: 00:00:00.005

1 row inserted.

Elapsed: 00:00:00.010

Commit complete.

Elapsed: 00:00:00.016

Table "APX$OPT" created.

Elapsed: 00:00:00.020

Index "APX$OPT_UNQ1" created.

Elapsed: 00:00:00.012

Index "APX$OPT_UNQ2" created.

Elapsed: 00:00:00.009

Sequence "APX$OPT_ID_SEQ" created.

Elapsed: 00:00:00.008
Elapsed: 00:00:00.020

Synonym "APEX_OPTION" created.

Elapsed: 00:00:00.012

Table "APX$CFG" created.

Elapsed: 00:00:00.016

Index "APX$CFG_UNQ1" created.

Elapsed: 00:00:00.024

Index "APX$CFG_UNQ2" created.

Elapsed: 00:00:00.009

Index "APX$CFG_ITEM_IDX" created.

Elapsed: 00:00:00.008

Index "APX$CFG_ITEM_VAL_IDX" created.

Elapsed: 00:00:00.011

Index "APX$CFG_STAT" created.

Elapsed: 00:00:00.008

Index "APX$CFG_CONTEXT" created.

Elapsed: 00:00:00.009

Sequence "APX$CFG_SEQ" created.

Elapsed: 00:00:00.005
Elapsed: 00:00:00.022

Synonym "APEX_CONFIG" created.

Elapsed: 00:00:00.010

Synonym "APEX_SETTING" created.

Elapsed: 00:00:00.014

View "APEX_CONFIGURATION" created.

Elapsed: 00:00:00.016

View "APEX_USERNAME_FORMAT" created.

Elapsed: 00:00:00.013

1 row inserted.

Elapsed: 00:00:00.017

1 row inserted.

Elapsed: 00:00:00.012

1 row inserted.

Elapsed: 00:00:00.005

1 row inserted.

Elapsed: 00:00:00.009

1 row inserted.

Elapsed: 00:00:00.006

1 row inserted.

Elapsed: 00:00:00.018

1 row inserted.

Elapsed: 00:00:00.005

1 row inserted.

Elapsed: 00:00:00.006

1 row inserted.

Elapsed: 00:00:00.005

1 row inserted.

Elapsed: 00:00:00.005

1 row inserted.

Elapsed: 00:00:00.006

1 row inserted.

Elapsed: 00:00:00.004

1 row inserted.

Elapsed: 00:00:00.007

1 row inserted.

Elapsed: 00:00:00.006

1 row inserted.

Elapsed: 00:00:00.005

1 row inserted.

Elapsed: 00:00:00.007

1 row inserted.

Elapsed: 00:00:00.006

1 row inserted.

Elapsed: 00:00:00.009

1 row inserted.

Elapsed: 00:00:00.005

1 row inserted.

Elapsed: 00:00:00.020

1 row inserted.

Elapsed: 00:00:00.010

1 row inserted.

Elapsed: 00:00:00.006

1 row inserted.

Elapsed: 00:00:00.006

1 row inserted.

Elapsed: 00:00:00.006

1 row inserted.

Elapsed: 00:00:00.006

1 row inserted.

Elapsed: 00:00:00.006

1 row inserted.

Elapsed: 00:00:00.007

Commit complete.

Elapsed: 00:00:00.017

Table "APX$MIME" created.

Elapsed: 00:00:00.038

Index "APX$MIME_UNQ1" created.

Elapsed: 00:00:00.013

Index "APX$MIME_UNQ2" created.

Elapsed: 00:00:00.010

Index "APX$MIMETYPEMEDIA_FK" created.

Elapsed: 00:00:00.008

Sequence "APX$MIME_SEQ" created.

Elapsed: 00:00:00.006
Elapsed: 00:00:00.021

Synonym "APEX_MIME_TYPES" created.

Elapsed: 00:00:00.011

View "APEX_MIME_ICON_CLASSES" created.

Elapsed: 00:00:00.011

1 row inserted.

Elapsed: 00:00:00.016

1 row inserted.

Elapsed: 00:00:00.005

1 row inserted.

Elapsed: 00:00:00.005

1 row inserted.

Elapsed: 00:00:00.005

1 row inserted.

Elapsed: 00:00:00.022

1 row inserted.

Elapsed: 00:00:00.004

1 row inserted.

Elapsed: 00:00:00.006

1 row inserted.

Elapsed: 00:00:00.005

1 row inserted.

Elapsed: 00:00:00.004

1 row inserted.

Elapsed: 00:00:00.004

1 row inserted.

Elapsed: 00:00:00.004

1 row inserted.

Elapsed: 00:00:00.007

1 row inserted.

Elapsed: 00:00:00.004

1 row inserted.

Elapsed: 00:00:00.034

1 row inserted.

Elapsed: 00:00:00.024

1 row inserted.

Elapsed: 00:00:00.005

1 row inserted.

Elapsed: 00:00:00.007

1 row inserted.

Elapsed: 00:00:00.006

1 row inserted.

Elapsed: 00:00:00.005

1 row inserted.

Elapsed: 00:00:00.006

1 row inserted.

Elapsed: 00:00:00.009

1 row inserted.

Elapsed: 00:00:00.006

1 row inserted.

Elapsed: 00:00:00.012

1 row inserted.

Elapsed: 00:00:00.007

1 row inserted.

Elapsed: 00:00:00.005

1 row inserted.

Elapsed: 00:00:00.005

1 row inserted.

Elapsed: 00:00:00.005

1 row inserted.

Elapsed: 00:00:00.005

1 row inserted.

Elapsed: 00:00:00.008

1 row inserted.

Elapsed: 00:00:00.006

1 row inserted.

Elapsed: 00:00:00.004

1 row inserted.

Elapsed: 00:00:00.007

1 row inserted.

Elapsed: 00:00:00.004

1 row inserted.

Elapsed: 00:00:00.007

1 row inserted.

Elapsed: 00:00:00.006

1 row inserted.

Elapsed: 00:00:00.009

1 row inserted.

Elapsed: 00:00:00.007

1 row inserted.

Elapsed: 00:00:00.020

1 row inserted.

Elapsed: 00:00:00.007

1 row inserted.

Elapsed: 00:00:00.007

1 row inserted.

Elapsed: 00:00:00.004

1 row inserted.

Elapsed: 00:00:00.015

1 row inserted.

Elapsed: 00:00:00.004

1 row inserted.

Elapsed: 00:00:00.004

1 row inserted.

Elapsed: 00:00:00.004

1 row inserted.

Elapsed: 00:00:00.006

1 row inserted.

Elapsed: 00:00:00.005

1 row inserted.

Elapsed: 00:00:00.005

1 row inserted.

Elapsed: 00:00:00.011

1 row inserted.

Elapsed: 00:00:00.008

1 row inserted.

Elapsed: 00:00:00.016

1 row inserted.

Elapsed: 00:00:00.007

1 row inserted.

Elapsed: 00:00:00.004

1 row inserted.

Elapsed: 00:00:00.005

1 row inserted.

Elapsed: 00:00:00.005

1 row inserted.

Elapsed: 00:00:00.007

1 row inserted.

Elapsed: 00:00:00.006

1 row inserted.

Elapsed: 00:00:00.006

1 row inserted.

Elapsed: 00:00:00.005

1 row inserted.

Elapsed: 00:00:00.005

1 row inserted.

Elapsed: 00:00:00.006

1 row inserted.

Elapsed: 00:00:00.004

1 row inserted.

Elapsed: 00:00:00.012

1 row inserted.

Elapsed: 00:00:00.005

1 row inserted.

Elapsed: 00:00:00.004

1 row inserted.

Elapsed: 00:00:00.013

1 row inserted.

Elapsed: 00:00:00.005

1 row inserted.

Elapsed: 00:00:00.007

1 row inserted.

Elapsed: 00:00:00.005

1 row inserted.

Elapsed: 00:00:00.019

1 row inserted.

Elapsed: 00:00:00.005

1 row inserted.

Elapsed: 00:00:00.004

1 row inserted.

Elapsed: 00:00:00.007

1 row inserted.

Elapsed: 00:00:00.004

1 row inserted.

Elapsed: 00:00:00.004

1 row inserted.

Elapsed: 00:00:00.006

1 row inserted.

Elapsed: 00:00:00.007

1 row inserted.

Elapsed: 00:00:00.009

1 row inserted.

Elapsed: 00:00:00.020

1 row inserted.

Elapsed: 00:00:00.004

1 row inserted.

Elapsed: 00:00:00.004

1 row inserted.

Elapsed: 00:00:00.004

1 row inserted.

Elapsed: 00:00:00.005

1 row inserted.

Elapsed: 00:00:00.009

1 row inserted.

Elapsed: 00:00:00.005

1 row inserted.

Elapsed: 00:00:00.004

1 row inserted.

Elapsed: 00:00:00.005

1 row inserted.

Elapsed: 00:00:00.006

1 row inserted.

Elapsed: 00:00:00.010

1 row inserted.

Elapsed: 00:00:00.005

1 row inserted.

Elapsed: 00:00:00.012

1 row inserted.

Elapsed: 00:00:00.007

1 row inserted.

Elapsed: 00:00:00.035

1 row inserted.

Elapsed: 00:00:00.005

1 row inserted.

Elapsed: 00:00:00.005

1 row inserted.

Elapsed: 00:00:00.004

1 row inserted.

Elapsed: 00:00:00.007

1 row inserted.

Elapsed: 00:00:00.007

1 row inserted.

Elapsed: 00:00:00.004

1 row inserted.

Elapsed: 00:00:00.008

1 row inserted.

Elapsed: 00:00:00.005

1 row inserted.

Elapsed: 00:00:00.010

1 row inserted.

Elapsed: 00:00:00.007

1 row inserted.

Elapsed: 00:00:00.019

1 row inserted.

Elapsed: 00:00:00.005

1 row inserted.

Elapsed: 00:00:00.007

1 row inserted.

Elapsed: 00:00:00.005

1 row inserted.

Elapsed: 00:00:00.008

1 row inserted.

Elapsed: 00:00:00.010

1 row inserted.

Elapsed: 00:00:00.006

1 row inserted.

Elapsed: 00:00:00.009

1 row inserted.

Elapsed: 00:00:00.004

1 row inserted.

Elapsed: 00:00:00.008

1 row inserted.

Elapsed: 00:00:00.004

1 row inserted.

Elapsed: 00:00:00.009

1 row inserted.

Elapsed: 00:00:00.005

1 row inserted.

Elapsed: 00:00:00.022

1 row inserted.

Elapsed: 00:00:00.005

1 row inserted.

Elapsed: 00:00:00.008

1 row inserted.

Elapsed: 00:00:00.004

1 row inserted.

Elapsed: 00:00:00.008

1 row inserted.

Elapsed: 00:00:00.006

1 row inserted.

Elapsed: 00:00:00.005

1 row inserted.

Elapsed: 00:00:00.004

1 row inserted.

Elapsed: 00:00:00.005

1 row inserted.

Elapsed: 00:00:00.004

1 row inserted.

Elapsed: 00:00:00.010

1 row inserted.

Elapsed: 00:00:00.005

1 row inserted.

Elapsed: 00:00:00.008

1 row inserted.

Elapsed: 00:00:00.006

1 row inserted.

Elapsed: 00:00:00.022

1 row inserted.

Elapsed: 00:00:00.007

1 row inserted.

Elapsed: 00:00:00.004

1 row inserted.

Elapsed: 00:00:00.005

1 row inserted.

Elapsed: 00:00:00.006

1 row inserted.

Elapsed: 00:00:00.008

1 row inserted.

Elapsed: 00:00:00.004

1 row inserted.

Elapsed: 00:00:00.005

1 row inserted.

Elapsed: 00:00:00.004

1 row inserted.

Elapsed: 00:00:00.005

1 row inserted.

Elapsed: 00:00:00.008

1 row inserted.

Elapsed: 00:00:00.004

1 row inserted.

Elapsed: 00:00:00.011

1 row inserted.

Elapsed: 00:00:00.005

1 row inserted.

Elapsed: 00:00:00.023

1 row inserted.

Elapsed: 00:00:00.004

1 row inserted.

Elapsed: 00:00:00.007

1 row inserted.

Elapsed: 00:00:00.005

1 row inserted.

Elapsed: 00:00:00.005

1 row inserted.

Elapsed: 00:00:00.010

1 row inserted.

Elapsed: 00:00:00.005

1 row inserted.

Elapsed: 00:00:00.007

1 row inserted.

Elapsed: 00:00:00.007

1 row inserted.

Elapsed: 00:00:00.005

1 row inserted.

Elapsed: 00:00:00.005

1 row inserted.

Elapsed: 00:00:00.010

1 row inserted.

Elapsed: 00:00:00.007

1 row inserted.

Elapsed: 00:00:00.024

1 row inserted.

Elapsed: 00:00:00.006

1 row inserted.

Elapsed: 00:00:00.004

1 row inserted.

Elapsed: 00:00:00.005

1 row inserted.

Elapsed: 00:00:00.009

1 row inserted.

Elapsed: 00:00:00.007

1 row inserted.

Elapsed: 00:00:00.004

1 row inserted.

Elapsed: 00:00:00.004

1 row inserted.

Elapsed: 00:00:00.012

1 row inserted.

Elapsed: 00:00:00.010

1 row inserted.

Elapsed: 00:00:00.008

1 row inserted.

Elapsed: 00:00:00.007

1 row inserted.

Elapsed: 00:00:00.018

1 row inserted.

Elapsed: 00:00:00.005

1 row inserted.

Elapsed: 00:00:00.006

1 row inserted.

Elapsed: 00:00:00.005

1 row inserted.

Elapsed: 00:00:00.004

1 row inserted.

Elapsed: 00:00:00.012

1 row inserted.

Elapsed: 00:00:00.006

1 row inserted.

Elapsed: 00:00:00.005

1 row inserted.

Elapsed: 00:00:00.004

1 row inserted.

Elapsed: 00:00:00.004

1 row inserted.

Elapsed: 00:00:00.009

1 row inserted.

Elapsed: 00:00:00.004

1 row inserted.

Elapsed: 00:00:00.036

1 row inserted.

Elapsed: 00:00:00.007

1 row inserted.

Elapsed: 00:00:00.006

1 row inserted.

Elapsed: 00:00:00.005

1 row inserted.

Elapsed: 00:00:00.005

1 row inserted.

Elapsed: 00:00:00.011

1 row inserted.

Elapsed: 00:00:00.004

1 row inserted.

Elapsed: 00:00:00.005

1 row inserted.

Elapsed: 00:00:00.005

1 row inserted.

Elapsed: 00:00:00.005

1 row inserted.

Elapsed: 00:00:00.007

1 row inserted.

Elapsed: 00:00:00.005

1 row inserted.

Elapsed: 00:00:00.010

1 row inserted.

Elapsed: 00:00:00.007

1 row inserted.

Elapsed: 00:00:00.019

1 row inserted.

Elapsed: 00:00:00.004

1 row inserted.

Elapsed: 00:00:00.005

1 row inserted.

Elapsed: 00:00:00.004

1 row inserted.

Elapsed: 00:00:00.005

1 row inserted.

Elapsed: 00:00:00.007

1 row inserted.

Elapsed: 00:00:00.007

1 row inserted.

Elapsed: 00:00:00.007

1 row inserted.

Elapsed: 00:00:00.005

1 row inserted.

Elapsed: 00:00:00.004

1 row inserted.

Elapsed: 00:00:00.008

1 row inserted.

Elapsed: 00:00:00.004

1 row inserted.

Elapsed: 00:00:00.011

1 row inserted.

Elapsed: 00:00:00.005

1 row inserted.

Elapsed: 00:00:00.006

1 row inserted.

Elapsed: 00:00:00.016

1 row inserted.

Elapsed: 00:00:00.006

1 row inserted.

Elapsed: 00:00:00.011

1 row inserted.

Elapsed: 00:00:00.006

1 row inserted.

Elapsed: 00:00:00.012

1 row inserted.

Elapsed: 00:00:00.006

1 row inserted.

Elapsed: 00:00:00.007

1 row inserted.

Elapsed: 00:00:00.004

1 row inserted.

Elapsed: 00:00:00.008

1 row inserted.

Elapsed: 00:00:00.006

1 row inserted.

Elapsed: 00:00:00.010

1 row inserted.

Elapsed: 00:00:00.006

1 row inserted.

Elapsed: 00:00:00.016

1 row inserted.

Elapsed: 00:00:00.006

1 row inserted.

Elapsed: 00:00:00.006

1 row inserted.

Elapsed: 00:00:00.004

1 row inserted.

Elapsed: 00:00:00.005

1 row inserted.

Elapsed: 00:00:00.008

1 row inserted.

Elapsed: 00:00:00.006

1 row inserted.

Elapsed: 00:00:00.005

1 row inserted.

Elapsed: 00:00:00.004

1 row inserted.

Elapsed: 00:00:00.005

1 row inserted.

Elapsed: 00:00:00.004

1 row inserted.

Elapsed: 00:00:00.006

1 row inserted.

Elapsed: 00:00:00.005

1 row inserted.

Elapsed: 00:00:00.010

1 row inserted.

Elapsed: 00:00:00.006

1 row inserted.

Elapsed: 00:00:00.005

1 row inserted.

Elapsed: 00:00:00.011

1 row inserted.

Elapsed: 00:00:00.005

1 row inserted.

Elapsed: 00:00:00.004

1 row inserted.

Elapsed: 00:00:00.010

1 row inserted.

Elapsed: 00:00:00.013

1 row inserted.

Elapsed: 00:00:00.004

1 row inserted.

Elapsed: 00:00:00.005

1 row inserted.

Elapsed: 00:00:00.006

1 row inserted.

Elapsed: 00:00:00.004

1 row inserted.

Elapsed: 00:00:00.011

1 row inserted.

Elapsed: 00:00:00.013

1 row inserted.

Elapsed: 00:00:00.005

1 row inserted.

Elapsed: 00:00:00.020

1 row inserted.

Elapsed: 00:00:00.006

1 row inserted.

Elapsed: 00:00:00.006

1 row inserted.

Elapsed: 00:00:00.005

1 row inserted.

Elapsed: 00:00:00.005

1 row inserted.

Elapsed: 00:00:00.004

1 row inserted.

Elapsed: 00:00:00.007

1 row inserted.

Elapsed: 00:00:00.004

1 row inserted.

Elapsed: 00:00:00.007

1 row inserted.

Elapsed: 00:00:00.007

1 row inserted.

Elapsed: 00:00:00.015

1 row inserted.

Elapsed: 00:00:00.007

1 row inserted.

Elapsed: 00:00:00.006

1 row inserted.

Elapsed: 00:00:00.006

1 row inserted.

Elapsed: 00:00:00.004

1 row inserted.

Elapsed: 00:00:00.010

1 row inserted.

Elapsed: 00:00:00.004

1 row inserted.

Elapsed: 00:00:00.006

1 row inserted.

Elapsed: 00:00:00.009

1 row inserted.

Elapsed: 00:00:00.004

1 row inserted.

Elapsed: 00:00:00.005

1 row inserted.

Elapsed: 00:00:00.019

1 row inserted.

Elapsed: 00:00:00.018

1 row inserted.

Elapsed: 00:00:00.007

1 row inserted.

Elapsed: 00:00:00.013

1 row inserted.

Elapsed: 00:00:00.012

1 row inserted.

Elapsed: 00:00:00.006

1 row inserted.

Elapsed: 00:00:00.005

1 row inserted.

Elapsed: 00:00:00.005

1 row inserted.

Elapsed: 00:00:00.012

1 row inserted.

Elapsed: 00:00:00.010

1 row inserted.

Elapsed: 00:00:00.009

1 row inserted.

Elapsed: 00:00:00.008

1 row inserted.

Elapsed: 00:00:00.022

1 row inserted.

Elapsed: 00:00:00.011

1 row inserted.

Elapsed: 00:00:00.005

1 row inserted.

Elapsed: 00:00:00.008

1 row inserted.

Elapsed: 00:00:00.009

1 row inserted.

Elapsed: 00:00:00.004

1 row inserted.

Elapsed: 00:00:00.005

1 row inserted.

Elapsed: 00:00:00.005

1 row inserted.

Elapsed: 00:00:00.007

1 row inserted.

Elapsed: 00:00:00.005

1 row inserted.

Elapsed: 00:00:00.010

1 row inserted.

Elapsed: 00:00:00.016

1 row inserted.

Elapsed: 00:00:00.011

1 row inserted.

Elapsed: 00:00:00.006

1 row inserted.

Elapsed: 00:00:00.009

1 row inserted.

Elapsed: 00:00:00.005

1 row inserted.

Elapsed: 00:00:00.007

1 row inserted.

Elapsed: 00:00:00.006

1 row inserted.

Elapsed: 00:00:00.004

1 row inserted.

Elapsed: 00:00:00.006

1 row inserted.

Elapsed: 00:00:00.004

1 row inserted.

Elapsed: 00:00:00.006

1 row inserted.

Elapsed: 00:00:00.009

1 row inserted.

Elapsed: 00:00:00.005

1 row inserted.

Elapsed: 00:00:00.010

1 row inserted.

Elapsed: 00:00:00.008

1 row inserted.

Elapsed: 00:00:00.016

1 row inserted.

Elapsed: 00:00:00.014

1 row inserted.

Elapsed: 00:00:00.005

1 row inserted.

Elapsed: 00:00:00.007

1 row inserted.

Elapsed: 00:00:00.007

1 row inserted.

Elapsed: 00:00:00.006

1 row inserted.

Elapsed: 00:00:00.007

1 row inserted.

Elapsed: 00:00:00.006

1 row inserted.

Elapsed: 00:00:00.005

1 row inserted.

Elapsed: 00:00:00.006

1 row inserted.

Elapsed: 00:00:00.007

1 row inserted.

Elapsed: 00:00:00.010

1 row inserted.

Elapsed: 00:00:00.019

1 row inserted.

Elapsed: 00:00:00.004

1 row inserted.

Elapsed: 00:00:00.007

1 row inserted.

Elapsed: 00:00:00.004

1 row inserted.

Elapsed: 00:00:00.012

1 row inserted.

Elapsed: 00:00:00.007

1 row inserted.

Elapsed: 00:00:00.004

1 row inserted.

Elapsed: 00:00:00.004

1 row inserted.

Elapsed: 00:00:00.007

1 row inserted.

Elapsed: 00:00:00.011

1 row inserted.

Elapsed: 00:00:00.009

1 row inserted.

Elapsed: 00:00:00.006

1 row inserted.

Elapsed: 00:00:00.017

1 row inserted.

Elapsed: 00:00:00.006

1 row inserted.

Elapsed: 00:00:00.005

1 row inserted.

Elapsed: 00:00:00.005

1 row inserted.

Elapsed: 00:00:00.005

1 row inserted.

Elapsed: 00:00:00.008

1 row inserted.

Elapsed: 00:00:00.006

1 row inserted.

Elapsed: 00:00:00.004

1 row inserted.

Elapsed: 00:00:00.005

1 row inserted.

Elapsed: 00:00:00.006

1 row inserted.

Elapsed: 00:00:00.005

1 row inserted.

Elapsed: 00:00:00.007

1 row inserted.

Elapsed: 00:00:00.010

1 row inserted.

Elapsed: 00:00:00.004

1 row inserted.

Elapsed: 00:00:00.007

1 row inserted.

Elapsed: 00:00:00.011

1 row inserted.

Elapsed: 00:00:00.009

1 row inserted.

Elapsed: 00:00:00.006

1 row inserted.

Elapsed: 00:00:00.004

1 row inserted.

Elapsed: 00:00:00.005

1 row inserted.

Elapsed: 00:00:00.008

1 row inserted.

Elapsed: 00:00:00.005

1 row inserted.

Elapsed: 00:00:00.005

1 row inserted.

Elapsed: 00:00:00.026

1 row inserted.

Elapsed: 00:00:00.011

1 row inserted.

Elapsed: 00:00:00.007

1 row inserted.

Elapsed: 00:00:00.021

1 row inserted.

Elapsed: 00:00:00.005

1 row inserted.

Elapsed: 00:00:00.009

1 row inserted.

Elapsed: 00:00:00.004

1 row inserted.

Elapsed: 00:00:00.008

1 row inserted.

Elapsed: 00:00:00.005

1 row inserted.

Elapsed: 00:00:00.006

1 row inserted.

Elapsed: 00:00:00.007

1 row inserted.

Elapsed: 00:00:00.005

1 row inserted.

Elapsed: 00:00:00.008

1 row inserted.

Elapsed: 00:00:00.005

1 row inserted.

Elapsed: 00:00:00.010

1 row inserted.

Elapsed: 00:00:00.006

1 row inserted.

Elapsed: 00:00:00.011

1 row inserted.

Elapsed: 00:00:00.009

1 row inserted.

Elapsed: 00:00:00.005

1 row inserted.

Elapsed: 00:00:00.004

1 row inserted.

Elapsed: 00:00:00.006

1 row inserted.

Elapsed: 00:00:00.004

1 row inserted.

Elapsed: 00:00:00.008

1 row inserted.

Elapsed: 00:00:00.007

1 row inserted.

Elapsed: 00:00:00.006

1 row inserted.

Elapsed: 00:00:00.006

1 row inserted.

Elapsed: 00:00:00.005

1 row inserted.

Elapsed: 00:00:00.006

1 row inserted.

Elapsed: 00:00:00.004

1 row inserted.

Elapsed: 00:00:00.010

1 row inserted.

Elapsed: 00:00:00.004

1 row inserted.

Elapsed: 00:00:00.007

1 row inserted.

Elapsed: 00:00:00.017

1 row inserted.

Elapsed: 00:00:00.005

1 row inserted.

Elapsed: 00:00:00.004

1 row inserted.

Elapsed: 00:00:00.005

1 row inserted.

Elapsed: 00:00:00.007

1 row inserted.

Elapsed: 00:00:00.010

1 row inserted.

Elapsed: 00:00:00.004

1 row inserted.

Elapsed: 00:00:00.004

1 row inserted.

Elapsed: 00:00:00.004

1 row inserted.

Elapsed: 00:00:00.004

1 row inserted.

Elapsed: 00:00:00.005

1 row inserted.

Elapsed: 00:00:00.007

1 row inserted.

Elapsed: 00:00:00.011

1 row inserted.

Elapsed: 00:00:00.007

1 row inserted.

Elapsed: 00:00:00.023

1 row inserted.

Elapsed: 00:00:00.006

1 row inserted.

Elapsed: 00:00:00.005

1 row inserted.

Elapsed: 00:00:00.004

1 row inserted.

Elapsed: 00:00:00.011

1 row inserted.

Elapsed: 00:00:00.007

1 row inserted.

Elapsed: 00:00:00.004

1 row inserted.

Elapsed: 00:00:00.007

1 row inserted.

Elapsed: 00:00:00.005

1 row inserted.

Elapsed: 00:00:00.005

1 row inserted.

Elapsed: 00:00:00.014

1 row inserted.

Elapsed: 00:00:00.007

1 row inserted.

Elapsed: 00:00:00.022

1 row inserted.

Elapsed: 00:00:00.004

1 row inserted.

Elapsed: 00:00:00.004

1 row inserted.

Elapsed: 00:00:00.005

1 row inserted.

Elapsed: 00:00:00.008

1 row inserted.

Elapsed: 00:00:00.007

1 row inserted.

Elapsed: 00:00:00.004

1 row inserted.

Elapsed: 00:00:00.004

1 row inserted.

Elapsed: 00:00:00.008

1 row inserted.

Elapsed: 00:00:00.006

1 row inserted.

Elapsed: 00:00:00.005

1 row inserted.

Elapsed: 00:00:00.004

1 row inserted.

Elapsed: 00:00:00.012

1 row inserted.

Elapsed: 00:00:00.006

1 row inserted.

Elapsed: 00:00:00.005

1 row inserted.

Elapsed: 00:00:00.014

1 row inserted.

Elapsed: 00:00:00.004

1 row inserted.

Elapsed: 00:00:00.006

1 row inserted.

Elapsed: 00:00:00.005

1 row inserted.

Elapsed: 00:00:00.005

1 row inserted.

Elapsed: 00:00:00.010

1 row inserted.

Elapsed: 00:00:00.005

1 row inserted.

Elapsed: 00:00:00.005

1 row inserted.

Elapsed: 00:00:00.006

1 row inserted.

Elapsed: 00:00:00.005

1 row inserted.

Elapsed: 00:00:00.011

1 row inserted.

Elapsed: 00:00:00.012

1 row inserted.

Elapsed: 00:00:00.006

1 row inserted.

Elapsed: 00:00:00.004

1 row inserted.

Elapsed: 00:00:00.018

1 row inserted.

Elapsed: 00:00:00.008

1 row inserted.

Elapsed: 00:00:00.008

1 row inserted.

Elapsed: 00:00:00.032

1 row inserted.

Elapsed: 00:00:00.005

1 row inserted.

Elapsed: 00:00:00.005

1 row inserted.

Elapsed: 00:00:00.006

1 row inserted.

Elapsed: 00:00:00.007

1 row inserted.

Elapsed: 00:00:00.007

1 row inserted.

Elapsed: 00:00:00.018

1 row inserted.

Elapsed: 00:00:00.005

1 row inserted.

Elapsed: 00:00:00.006

1 row inserted.

Elapsed: 00:00:00.008

1 row inserted.

Elapsed: 00:00:00.015

1 row inserted.

Elapsed: 00:00:00.005

1 row inserted.

Elapsed: 00:00:00.005

1 row inserted.

Elapsed: 00:00:00.007

1 row inserted.

Elapsed: 00:00:00.012

1 row inserted.

Elapsed: 00:00:00.005

1 row inserted.

Elapsed: 00:00:00.007

1 row inserted.

Elapsed: 00:00:00.007

1 row inserted.

Elapsed: 00:00:00.019

1 row inserted.

Elapsed: 00:00:00.005

1 row inserted.

Elapsed: 00:00:00.005

1 row inserted.

Elapsed: 00:00:00.007

1 row inserted.

Elapsed: 00:00:00.008

1 row inserted.

Elapsed: 00:00:00.004

1 row inserted.

Elapsed: 00:00:00.005

1 row inserted.

Elapsed: 00:00:00.005

1 row inserted.

Elapsed: 00:00:00.004

1 row inserted.

Elapsed: 00:00:00.004

1 row inserted.

Elapsed: 00:00:00.009

1 row inserted.

Elapsed: 00:00:00.014

1 row inserted.

Elapsed: 00:00:00.006

1 row inserted.

Elapsed: 00:00:00.026

1 row inserted.

Elapsed: 00:00:00.005

1 row inserted.

Elapsed: 00:00:00.005

1 row inserted.

Elapsed: 00:00:00.009

1 row inserted.

Elapsed: 00:00:00.006

1 row inserted.

Elapsed: 00:00:00.006

1 row inserted.

Elapsed: 00:00:00.005

1 row inserted.

Elapsed: 00:00:00.005

1 row inserted.

Elapsed: 00:00:00.005

1 row inserted.

Elapsed: 00:00:00.011

1 row inserted.

Elapsed: 00:00:00.008

1 row inserted.

Elapsed: 00:00:00.006

1 row inserted.

Elapsed: 00:00:00.005

1 row inserted.

Elapsed: 00:00:00.020

1 row inserted.

Elapsed: 00:00:00.011

1 row inserted.

Elapsed: 00:00:00.006

1 row inserted.

Elapsed: 00:00:00.016

1 row inserted.

Elapsed: 00:00:00.004

1 row inserted.

Elapsed: 00:00:00.005

1 row inserted.

Elapsed: 00:00:00.006

1 row inserted.

Elapsed: 00:00:00.004

1 row inserted.

Elapsed: 00:00:00.008

1 row inserted.

Elapsed: 00:00:00.004

1 row inserted.

Elapsed: 00:00:00.008

1 row inserted.

Elapsed: 00:00:00.010

1 row inserted.

Elapsed: 00:00:00.016

1 row inserted.

Elapsed: 00:00:00.005

1 row inserted.

Elapsed: 00:00:00.005

1 row inserted.

Elapsed: 00:00:00.008

1 row inserted.

Elapsed: 00:00:00.007

1 row inserted.

Elapsed: 00:00:00.009

1 row inserted.

Elapsed: 00:00:00.005

1 row inserted.

Elapsed: 00:00:00.006

1 row inserted.

Elapsed: 00:00:00.006

1 row inserted.

Elapsed: 00:00:00.005

1 row inserted.

Elapsed: 00:00:00.005

1 row inserted.

Elapsed: 00:00:00.005

1 row inserted.

Elapsed: 00:00:00.009

1 row inserted.

Elapsed: 00:00:00.006

1 row inserted.

Elapsed: 00:00:00.022

1 row inserted.

Elapsed: 00:00:00.005

1 row inserted.

Elapsed: 00:00:00.009

1 row inserted.

Elapsed: 00:00:00.008

1 row inserted.

Elapsed: 00:00:00.008

1 row inserted.

Elapsed: 00:00:00.007

1 row inserted.

Elapsed: 00:00:00.008

1 row inserted.

Elapsed: 00:00:00.004

1 row inserted.

Elapsed: 00:00:00.006

1 row inserted.

Elapsed: 00:00:00.019

1 row inserted.

Elapsed: 00:00:00.014

1 row inserted.

Elapsed: 00:00:00.010

1 row inserted.

Elapsed: 00:00:00.005

1 row inserted.

Elapsed: 00:00:00.028

1 row inserted.

Elapsed: 00:00:00.004

1 row inserted.

Elapsed: 00:00:00.007

1 row inserted.

Elapsed: 00:00:00.006

1 row inserted.

Elapsed: 00:00:00.009

1 row inserted.

Elapsed: 00:00:00.012

1 row inserted.

Elapsed: 00:00:00.017

1 row inserted.

Elapsed: 00:00:00.019

1 row inserted.

Elapsed: 00:00:00.005

1 row inserted.

Elapsed: 00:00:00.006

1 row inserted.

Elapsed: 00:00:00.012

1 row inserted.

Elapsed: 00:00:00.004

1 row inserted.

Elapsed: 00:00:00.007

1 row inserted.

Elapsed: 00:00:00.004

1 row inserted.

Elapsed: 00:00:00.009

1 row inserted.

Elapsed: 00:00:00.005

1 row inserted.

Elapsed: 00:00:00.009

1 row inserted.

Elapsed: 00:00:00.009

1 row inserted.

Elapsed: 00:00:00.029

1 row inserted.

Elapsed: 00:00:00.005

1 row inserted.

Elapsed: 00:00:00.008

1 row inserted.

Elapsed: 00:00:00.011

1 row inserted.

Elapsed: 00:00:00.007

1 row inserted.

Elapsed: 00:00:00.004

1 row inserted.

Elapsed: 00:00:00.004

1 row inserted.

Elapsed: 00:00:00.009

1 row inserted.

Elapsed: 00:00:00.005

1 row inserted.

Elapsed: 00:00:00.008

1 row inserted.

Elapsed: 00:00:00.006

1 row inserted.

Elapsed: 00:00:00.023

1 row inserted.

Elapsed: 00:00:00.007

1 row inserted.

Elapsed: 00:00:00.005

1 row inserted.

Elapsed: 00:00:00.004

1 row inserted.

Elapsed: 00:00:00.008

1 row inserted.

Elapsed: 00:00:00.007

1 row inserted.

Elapsed: 00:00:00.005

1 row inserted.

Elapsed: 00:00:00.004

1 row inserted.

Elapsed: 00:00:00.005

1 row inserted.

Elapsed: 00:00:00.004

1 row inserted.

Elapsed: 00:00:00.011

1 row inserted.

Elapsed: 00:00:00.010

1 row inserted.

Elapsed: 00:00:00.028

1 row inserted.

Elapsed: 00:00:00.010

1 row inserted.

Elapsed: 00:00:00.005

1 row inserted.

Elapsed: 00:00:00.005

1 row inserted.

Elapsed: 00:00:00.008

1 row inserted.

Elapsed: 00:00:00.008

1 row inserted.

Elapsed: 00:00:00.006

1 row inserted.

Elapsed: 00:00:00.010

1 row inserted.

Elapsed: 00:00:00.014

1 row inserted.

Elapsed: 00:00:00.014

1 row inserted.

Elapsed: 00:00:00.013

1 row inserted.

Elapsed: 00:00:00.015

1 row inserted.

Elapsed: 00:00:00.006

1 row inserted.

Elapsed: 00:00:00.004

1 row inserted.

Elapsed: 00:00:00.015

1 row inserted.

Elapsed: 00:00:00.005

1 row inserted.

Elapsed: 00:00:00.008

1 row inserted.

Elapsed: 00:00:00.005

1 row inserted.

Elapsed: 00:00:00.015

1 row inserted.

Elapsed: 00:00:00.007

1 row inserted.

Elapsed: 00:00:00.009

1 row inserted.

Elapsed: 00:00:00.022

1 row inserted.

Elapsed: 00:00:00.005

1 row inserted.

Elapsed: 00:00:00.006

1 row inserted.

Elapsed: 00:00:00.012

1 row inserted.

Elapsed: 00:00:00.005

1 row inserted.

Elapsed: 00:00:00.005

1 row inserted.

Elapsed: 00:00:00.009

1 row inserted.

Elapsed: 00:00:00.005

1 row inserted.

Elapsed: 00:00:00.007

1 row inserted.

Elapsed: 00:00:00.004

1 row inserted.

Elapsed: 00:00:00.008

1 row inserted.

Elapsed: 00:00:00.007

1 row inserted.

Elapsed: 00:00:00.034

1 row inserted.

Elapsed: 00:00:00.005

1 row inserted.

Elapsed: 00:00:00.009

1 row inserted.

Elapsed: 00:00:00.005

1 row inserted.

Elapsed: 00:00:00.004

1 row inserted.

Elapsed: 00:00:00.004

1 row inserted.

Elapsed: 00:00:00.009

1 row inserted.

Elapsed: 00:00:00.009

1 row inserted.

Elapsed: 00:00:00.005

1 row inserted.

Elapsed: 00:00:00.007

1 row inserted.

Elapsed: 00:00:00.008

1 row inserted.

Elapsed: 00:00:00.018

1 row inserted.

Elapsed: 00:00:00.007

1 row inserted.

Elapsed: 00:00:00.008

1 row inserted.

Elapsed: 00:00:00.018

1 row inserted.

Elapsed: 00:00:00.004

1 row inserted.

Elapsed: 00:00:00.005

1 row inserted.

Elapsed: 00:00:00.006

1 row inserted.

Elapsed: 00:00:00.005

1 row inserted.

Elapsed: 00:00:00.011

1 row inserted.

Elapsed: 00:00:00.010

1 row inserted.

Elapsed: 00:00:00.008

1 row inserted.

Elapsed: 00:00:00.019

1 row inserted.

Elapsed: 00:00:00.005

1 row inserted.

Elapsed: 00:00:00.004

1 row inserted.

Elapsed: 00:00:00.005

1 row inserted.

Elapsed: 00:00:00.005

1 row inserted.

Elapsed: 00:00:00.017

1 row inserted.

Elapsed: 00:00:00.011

1 row inserted.

Elapsed: 00:00:00.004

1 row inserted.

Elapsed: 00:00:00.008

1 row inserted.

Elapsed: 00:00:00.014

1 row inserted.

Elapsed: 00:00:00.007

1 row inserted.

Elapsed: 00:00:00.021

1 row inserted.

Elapsed: 00:00:00.005

1 row inserted.

Elapsed: 00:00:00.007

1 row inserted.

Elapsed: 00:00:00.004

1 row inserted.

Elapsed: 00:00:00.006

1 row inserted.

Elapsed: 00:00:00.005

1 row inserted.

Elapsed: 00:00:00.005

1 row inserted.

Elapsed: 00:00:00.005

1 row inserted.

Elapsed: 00:00:00.005

1 row inserted.

Elapsed: 00:00:00.005

Commit complete.

Elapsed: 00:00:00.023

646 rows updated.

Elapsed: 00:00:00.102

Commit complete.

Elapsed: 00:00:00.032

9 rows updated.

Elapsed: 00:00:00.012

Commit complete.

Elapsed: 00:00:00.005

68 rows updated.

Elapsed: 00:00:00.017

Commit complete.

Elapsed: 00:00:00.011

328 rows updated.

Elapsed: 00:00:00.048

Commit complete.

Elapsed: 00:00:00.013

41 rows updated.

Elapsed: 00:00:00.017

Commit complete.

Elapsed: 00:00:00.009

32 rows updated.

Elapsed: 00:00:00.016

Commit complete.

Elapsed: 00:00:00.012

70 rows updated.

Elapsed: 00:00:00.042

Commit complete.

Elapsed: 00:00:00.007

3 rows updated.

Elapsed: 00:00:00.008

Commit complete.

Elapsed: 00:00:00.016

1 row updated.

Elapsed: 00:00:00.008

Commit complete.

Elapsed: 00:00:00.004

11 rows updated.

Elapsed: 00:00:00.010

Commit complete.

Elapsed: 00:00:00.008

1 row updated.

Elapsed: 00:00:00.009

Commit complete.

Elapsed: 00:00:00.007

99 rows updated.

Elapsed: 00:00:00.019

Commit complete.

Elapsed: 00:00:00.010

47 rows updated.

Elapsed: 00:00:00.014

Commit complete.

Elapsed: 00:00:00.009

12 rows updated.

Elapsed: 00:00:00.008

Commit complete.

Elapsed: 00:00:00.008

0 rows updated.

Elapsed: 00:00:00.005

Commit complete.

Elapsed: 00:00:00.003

Table "APX$APP" created.

Elapsed: 00:00:00.020

Index "APX$APP_UNQ1" created.

Elapsed: 00:00:00.018

Index "APX$APP_UNQ2" created.

Elapsed: 00:00:00.011

Index "APX$APP_STATUS_FK" created.

Elapsed: 00:00:00.007

Sequence "APX$APP_ID_SEQ" created.

Elapsed: 00:00:00.007
Elapsed: 00:00:00.018

Synonym "APEX_APP" created.

Elapsed: 00:00:00.010

1 row inserted.

Elapsed: 00:00:00.048

Commit complete.

Elapsed: 00:00:00.009

Table "APX$USR_SESSION" created.

Elapsed: 00:00:00.016

Sequence "APX$USERSESS_SEQ" created.

Elapsed: 00:00:00.005
Elapsed: 00:00:00.018

Synonym "APEX_USER_SESSION" created.

Elapsed: 00:00:00.010

View "APEX_USER_SESSIONS" created.

Elapsed: 00:00:00.011

Table "APX$SOURCE" created.

Elapsed: 00:00:00.025

Index "APX$SOURCE_UNQ1" created.

Elapsed: 00:00:00.009

Index "APX$SOURCE_UNQ2" created.

Elapsed: 00:00:00.013

Index "APX$SOURCE_UNQ3" created.

Elapsed: 00:00:00.010

Index "APX$SOURCE_CONTEXT_FK" created.

Elapsed: 00:00:00.008

Index "APX$SOURCE_TYPE_FK" created.

Elapsed: 00:00:00.008

Index "APX$SOURCE_SUBTYPE_FK" created.

Elapsed: 00:00:00.010

Index "APX$SOURCE_STATUS_FK" created.

Elapsed: 00:00:00.014

Sequence "APX$SOURCE_ID_SEQ" created.

Elapsed: 00:00:00.005
Elapsed: 00:00:00.017

Synonym "APEX_SOURCE" created.

Elapsed: 00:00:00.009

Table "APX$AUTHOR" created.

Elapsed: 00:00:00.026

Index "APX$AUTHOR_UNQ1" created.

Elapsed: 00:00:00.008

Index "APX$AUTHOR_PARENT_ID_IDX" created.

Elapsed: 00:00:00.013

Index "APX$AUTHOR_CODE_IDX" created.

Elapsed: 00:00:00.007

Index "APX$AUTHOR_APP_ID_IDX" created.

Elapsed: 00:00:00.019

Sequence "APX$AUTHOR_ID_SEQ" created.

Elapsed: 00:00:00.017
Elapsed: 00:00:00.020

Synonym "APEX_AUTHOR" created.

Elapsed: 00:00:00.011

View "APEX_AUTHORS" created.

Elapsed: 00:00:00.007

1 row inserted.

Elapsed: 00:00:00.047

Commit complete.

Elapsed: 00:00:00.021

Table "APX$CONTENT" created.

Elapsed: 00:00:00.019

Index "APX$CONTENT_UNQ1" created.

Elapsed: 00:00:00.010

Index "APX$CONTENT_PARENT_ID_IDX" created.

Elapsed: 00:00:00.008

Index "APX$CONTENT_TITLESUB_IDX" created.

Elapsed: 00:00:00.007

Index "APX$CONTENT_APP_ID_IDX" created.

Elapsed: 00:00:00.011

Index "APX$CONTENT_AUTHOR_IDX" created.

Elapsed: 00:00:00.012

Index "APX$CONTENT_TYPE_IDX" created.

Elapsed: 00:00:00.007

Sequence "APX$CONTENT_ID_SEQ" created.

Elapsed: 00:00:00.032
Elapsed: 00:00:00.030

Synonym "APEX_CONTENT" created.

Elapsed: 00:00:00.009

View "APEX_WEB_CONTENT" created.

Elapsed: 00:00:00.016

1 row inserted.

Elapsed: 00:00:00.036

Commit complete.

Elapsed: 00:00:00.010

Table "APX$ATTACHEMENT" created.

Elapsed: 00:00:00.018

Index "APX$ATTACHMNT_PARENT_ID_IDX" created.

Elapsed: 00:00:00.012

Index "APX$ATTACHMNT_CONTENT_FK_IDX" created.

Elapsed: 00:00:00.013

Index "APX$ATTACHMNT_TYPE_ID_IDX" created.

Elapsed: 00:00:00.009

Index "APX$ATTACHMNT_APP_ID_IDX" created.

Elapsed: 00:00:00.011

Sequence "APX$ATTACHEMENT_ID_SEQ" created.

Elapsed: 00:00:00.006
Elapsed: 00:00:00.021

Synonym "APEX_ATTACHEMENT" created.

Elapsed: 00:00:00.010

View "APEX_ATTACHEMENTS" created.

Elapsed: 00:00:00.013

1 row inserted.

Elapsed: 00:00:00.019

Commit complete.

Elapsed: 00:00:00.007

Table "APX$MAIL_CONTENT" created.

Elapsed: 00:00:00.049

Index "APX$MAIL_CONTENT_UNQ1" created.

Elapsed: 00:00:00.013

Index "APX$MAIL_CONTENT_TOPIC" created.

Elapsed: 00:00:00.009

Index "APX$MAIL_CONTENT_STATUS_FK_IDX" created.

Elapsed: 00:00:00.008

Index "APX$MAIL_CONTENT_PARENT_FK_IDX" created.

Elapsed: 00:00:00.008

Index "APX$MAIL_CONTENT_SECLEV" created.

Elapsed: 00:00:00.007

Index "APX$MAIL_CONTENT_APX_ID" created.

Elapsed: 00:00:00.008

Sequence "APX$MAIL_CONTENT_ID_SEQ" created.

Elapsed: 00:00:00.006
Elapsed: 00:00:00.015

Synonym "APEX_MAIL_TOPICS" created.

Elapsed: 00:00:00.022

Synonym "APEX_MAIL_CONTENT" created.

Elapsed: 00:00:00.006

1 row inserted.

Elapsed: 00:00:00.042

1 row inserted.

Elapsed: 00:00:00.007

1 row inserted.

Elapsed: 00:00:00.007

1 row inserted.

Elapsed: 00:00:00.004

1 row inserted.

Elapsed: 00:00:00.008

1 row inserted.

Elapsed: 00:00:00.006

1 row inserted.

Elapsed: 00:00:00.022

1 row inserted.

Elapsed: 00:00:00.005

1 row inserted.

Elapsed: 00:00:00.007

1 row inserted.

Elapsed: 00:00:00.009

Commit complete.

Elapsed: 00:00:00.010
Elapsed: 00:00:00.034
Elapsed: 00:00:00.137
Elapsed: 00:00:00.016
Elapsed: 00:00:00.013

View "APEX_MAIL_TOPIC_CONTENTS" created.

Elapsed: 00:00:00.021
Elapsed: 00:00:00.091
Elapsed: 00:00:00.047
Elapsed: 00:00:00.014
Elapsed: 00:00:00.019
Elapsed: 00:00:00.025
Elapsed: 00:00:00.037
Elapsed: 00:00:00.024
Elapsed: 00:00:00.033
Elapsed: 00:00:00.030
Elapsed: 00:00:00.045
Elapsed: 00:00:00.053
Elapsed: 00:00:00.021
Elapsed: 00:00:00.034
Elapsed: 00:00:00.045
Elapsed: 00:00:00.019
Elapsed: 00:00:00.014
Elapsed: 00:00:00.012
Elapsed: 00:00:00.014

View "APEX_SEC_CODE3" created.

Elapsed: 00:00:00.014

View "APEX_SEC_CODE4" created.

Elapsed: 00:00:00.007

View "APEX_SEC_CODE6" created.

Elapsed: 00:00:00.007

View "APEX_SEC_CODE_PICKER" created.

Elapsed: 00:00:00.013

View "APEX_SEC_CODE_PICKER" created.

Elapsed: 00:00:00.013
Elapsed: 00:00:00.028
Elapsed: 00:00:00.372
Elapsed: 00:00:00.068

Package "APX" Errors:

0 rows selected. 

Elapsed: 00:00:00.098
Done compiling Package "APX" :-)

"APX" provided interfaces

REGISTER_LOGIN
Elapsed: 00:00:00.027

08.01.2018 02:23:42 *** DONE Status (0)

*** APX Application Modules Install End | Build: 1.0.0_0085.1801080223 | Commit: [master 523e6e1] ***

